c:\users\9200\desktop\work\p2p\udt\udt.sdk.4.11\udt4-appserver\app\appserver.bsc
c:\users\9200\desktop\work\p2p\udt\udt.sdk.4.11\udt4-appserver\app\vc120.pdb
c:\users\9200\desktop\work\p2p\udt\udt.sdk.4.11\udt4-appserver\app\vc120.idb
c:\users\9200\desktop\work\p2p\udt\udt.sdk.4.11\udt4-appserver\app\appserver.sbr
c:\users\9200\desktop\work\p2p\udt\udt.sdk.4.11\udt4-appserver\app\appserver.obj
c:\users\9200\desktop\work\p2p\udt\udt.sdk.4.11\udt4-appserver\app\appserver.ilk
c:\users\9200\desktop\work\p2p\udt\udt.sdk.4.11\udt4-appserver\app\appserver.exe
c:\users\9200\desktop\work\p2p\udt\udt.sdk.4.11\udt4-appserver\app\appserver.pdb
c:\users\9200\desktop\work\p2p\udt\udt.sdk.4.11\udt4-appserver\app\../app\appserver.pdb
c:\users\9200\desktop\work\p2p\udt\udt.sdk.4.11\udt4-appserver\win\../app\appserver.exe
c:\users\9200\desktop\work\p2p\udt\udt.sdk.4.11\udt4-appserver\app\../app\appserver.bsc
c:\users\9200\desktop\work\p2p\udt\udt.sdk.4.11\udt4-appserver\app\../app\appserver.ilk
c:\users\9200\desktop\work\p2p\udt\udt.sdk.4.11\udt4-appserver\app\appserver.tlog\bscmake.command.1.tlog
c:\users\9200\desktop\work\p2p\udt\udt.sdk.4.11\udt4-appserver\app\appserver.tlog\bscmake.read.1.tlog
c:\users\9200\desktop\work\p2p\udt\udt.sdk.4.11\udt4-appserver\app\appserver.tlog\bscmake.write.1.tlog
c:\users\9200\desktop\work\p2p\udt\udt.sdk.4.11\udt4-appserver\app\appserver.tlog\cl.command.1.tlog
c:\users\9200\desktop\work\p2p\udt\udt.sdk.4.11\udt4-appserver\app\appserver.tlog\cl.read.1.tlog
c:\users\9200\desktop\work\p2p\udt\udt.sdk.4.11\udt4-appserver\app\appserver.tlog\cl.write.1.tlog
c:\users\9200\desktop\work\p2p\udt\udt.sdk.4.11\udt4-appserver\app\appserver.tlog\link.command.1.tlog
c:\users\9200\desktop\work\p2p\udt\udt.sdk.4.11\udt4-appserver\app\appserver.tlog\link.read.1.tlog
c:\users\9200\desktop\work\p2p\udt\udt.sdk.4.11\udt4-appserver\app\appserver.tlog\link.write.1.tlog
