已經開始建置於 2015/6/5 上午 10:18:56。
     1>節點 2 (Build 目標) 上的專案 "C:\Users\9200\Desktop\WORK\P2P\UDT\udt.sdk.4.11\udt4-appserver\win\sendfile.vcxproj"。
     1>C:\Program Files (x86)\MSBuild\Microsoft.Cpp\v4.0\V120\Microsoft.CppBuild.targets(388,5): warning MSB8028: The intermediate directory (../app\) contains files shared from another project (appclient.vcxproj, appserver.vcxproj, recvfile.vcxproj, test.vcxproj).  This can lead to incorrect clean and rebuild behavior.
     1>ClCompile:
         C:\Program Files (x86)\Microsoft Visual Studio 12.0\VC\bin\CL.exe /c /I../src /ZI /nologo /W4 /WX- /Od /Oy- /D WIN32 /D _DEBUG /D _CONSOLE /D _VC80_UPGRADE=0x0710 /Gm /EHsc /RTCc /RTC1 /MDd /GS /fp:precise /Zc:wchar_t /Zc:forScope /Fo"../app\\" /Fd"../app\vc120.pdb" /FR"../app\\" /Gd /TP /analyze- /errorReport:prompt ..\app\sendfile.cpp
         sendfile.cpp
     1>c:\users\9200\desktop\work\p2p\udt\udt.sdk.4.11\udt4-appserver\src\udt.h(248): warning C4251: 'CUDTException::m_strMsg' : class 'std::basic_string<char,std::char_traits<char>,std::allocator<char>>' 必須有 DLL 介面，才能被為 class 'CUDTException' 的用戶端使用
     1>c:\users\9200\desktop\work\p2p\udt\udt.sdk.4.11\udt4-appserver\src\udt.h(250): warning C4251: 'CUDTException::m_strAPI' : class 'std::basic_string<char,std::char_traits<char>,std::allocator<char>>' 必須有 DLL 介面，才能被為 class 'CUDTException' 的用戶端使用
     1>c:\users\9200\desktop\work\p2p\udt\udt.sdk.4.11\udt4-appserver\src\udt.h(251): warning C4251: 'CUDTException::m_strDebug' : class 'std::basic_string<char,std::char_traits<char>,std::allocator<char>>' 必須有 DLL 介面，才能被為 class 'CUDTException' 的用戶端使用
     1>c:\users\9200\desktop\work\p2p\udt\udt.sdk.4.11\udt4-appserver\app\sendfile.cpp(77): warning C4127: 條件運算式是常數
       Link:
         C:\Program Files (x86)\Microsoft Visual Studio 12.0\VC\bin\link.exe /ERRORREPORT:PROMPT /OUT:"../app\sendfile.exe" /INCREMENTAL /NOLOGO /LIBPATH:../src kernel32.lib user32.lib ws2_32.lib udt.lib /MANIFEST /MANIFESTUAC:"level='asInvoker' uiAccess='false'" /manifest:embed /DEBUG /PDB:"../app\sendfile.pdb" /SUBSYSTEM:CONSOLE /TLBID:1 /DYNAMICBASE:NO /IMPLIB:"../app\sendfile.lib" /MACHINE:X86 /SAFESEH ../app\sendfile.obj
         "C:\Users\9200\Desktop\WORK\P2P\UDT\udt.sdk.4.11\udt4-appserver\src\udt.lib"
     1>sendfile.obj : warning LNK4075: 忽略 '/EDITANDCONTINUE'，由於 '/SAFESEH' 規格
         sendfile.vcxproj -> C:\Users\9200\Desktop\WORK\P2P\UDT\udt.sdk.4.11\udt4-appserver\win\../app\sendfile.exe
       BscMake:
         C:\Program Files (x86)\Microsoft Visual Studio 12.0\VC\bin\bscmake.exe /nologo /o"../app\sendfile.bsc" ../app\sendfile.sbr
     1>專案 "C:\Users\9200\Desktop\WORK\P2P\UDT\udt.sdk.4.11\udt4-appserver\win\sendfile.vcxproj" (Build 目標) 建置完成。

建置成功。

經過時間 00:00:03.12
