c:\users\9200\desktop\work\p2p\udt\udt.sdk.4.11\udt4-appserver\src\udt.bsc
c:\users\9200\desktop\work\p2p\udt\udt.sdk.4.11\udt4-appserver\src\vc120.pdb
c:\users\9200\desktop\work\p2p\udt\udt.sdk.4.11\udt4-appserver\src\vc120.idb
c:\users\9200\desktop\work\p2p\udt\udt.sdk.4.11\udt4-appserver\src\window.sbr
c:\users\9200\desktop\work\p2p\udt\udt.sdk.4.11\udt4-appserver\src\queue.sbr
c:\users\9200\desktop\work\p2p\udt\udt.sdk.4.11\udt4-appserver\src\packet.sbr
c:\users\9200\desktop\work\p2p\udt\udt.sdk.4.11\udt4-appserver\src\md5.sbr
c:\users\9200\desktop\work\p2p\udt\udt.sdk.4.11\udt4-appserver\src\list.sbr
c:\users\9200\desktop\work\p2p\udt\udt.sdk.4.11\udt4-appserver\src\epoll.sbr
c:\users\9200\desktop\work\p2p\udt\udt.sdk.4.11\udt4-appserver\src\core.sbr
c:\users\9200\desktop\work\p2p\udt\udt.sdk.4.11\udt4-appserver\src\common.sbr
c:\users\9200\desktop\work\p2p\udt\udt.sdk.4.11\udt4-appserver\src\channel.sbr
c:\users\9200\desktop\work\p2p\udt\udt.sdk.4.11\udt4-appserver\src\ccc.sbr
c:\users\9200\desktop\work\p2p\udt\udt.sdk.4.11\udt4-appserver\src\cache.sbr
c:\users\9200\desktop\work\p2p\udt\udt.sdk.4.11\udt4-appserver\src\buffer.sbr
c:\users\9200\desktop\work\p2p\udt\udt.sdk.4.11\udt4-appserver\src\api.sbr
c:\users\9200\desktop\work\p2p\udt\udt.sdk.4.11\udt4-appserver\src\api.obj
c:\users\9200\desktop\work\p2p\udt\udt.sdk.4.11\udt4-appserver\src\buffer.obj
c:\users\9200\desktop\work\p2p\udt\udt.sdk.4.11\udt4-appserver\src\cache.obj
c:\users\9200\desktop\work\p2p\udt\udt.sdk.4.11\udt4-appserver\src\ccc.obj
c:\users\9200\desktop\work\p2p\udt\udt.sdk.4.11\udt4-appserver\src\channel.obj
c:\users\9200\desktop\work\p2p\udt\udt.sdk.4.11\udt4-appserver\src\common.obj
c:\users\9200\desktop\work\p2p\udt\udt.sdk.4.11\udt4-appserver\src\core.obj
c:\users\9200\desktop\work\p2p\udt\udt.sdk.4.11\udt4-appserver\src\epoll.obj
c:\users\9200\desktop\work\p2p\udt\udt.sdk.4.11\udt4-appserver\src\list.obj
c:\users\9200\desktop\work\p2p\udt\udt.sdk.4.11\udt4-appserver\src\md5.obj
c:\users\9200\desktop\work\p2p\udt\udt.sdk.4.11\udt4-appserver\src\packet.obj
c:\users\9200\desktop\work\p2p\udt\udt.sdk.4.11\udt4-appserver\src\queue.obj
c:\users\9200\desktop\work\p2p\udt\udt.sdk.4.11\udt4-appserver\src\window.obj
c:\users\9200\desktop\work\p2p\udt\udt.sdk.4.11\udt4-appserver\src\udt.ilk
c:\users\9200\desktop\work\p2p\udt\udt.sdk.4.11\udt4-appserver\src\udt.dll
c:\users\9200\desktop\work\p2p\udt\udt.sdk.4.11\udt4-appserver\src\udt.pdb
c:\users\9200\desktop\work\p2p\udt\udt.sdk.4.11\udt4-appserver\src\udt.lib
c:\users\9200\desktop\work\p2p\udt\udt.sdk.4.11\udt4-appserver\src\udt.exp
c:\users\9200\desktop\work\p2p\udt\udt.sdk.4.11\udt4-appserver\src\../src\udt.pdb
c:\users\9200\desktop\work\p2p\udt\udt.sdk.4.11\udt4-appserver\win\../src\udt.dll
c:\users\9200\desktop\work\p2p\udt\udt.sdk.4.11\udt4-appserver\src\../src\udt.bsc
c:\users\9200\desktop\work\p2p\udt\udt.sdk.4.11\udt4-appserver\src\../src\udt.ilk
c:\users\9200\desktop\work\p2p\udt\udt.sdk.4.11\udt4-appserver\src\udt.tlog\bscmake.command.1.tlog
c:\users\9200\desktop\work\p2p\udt\udt.sdk.4.11\udt4-appserver\src\udt.tlog\bscmake.read.1.tlog
c:\users\9200\desktop\work\p2p\udt\udt.sdk.4.11\udt4-appserver\src\udt.tlog\bscmake.write.1.tlog
c:\users\9200\desktop\work\p2p\udt\udt.sdk.4.11\udt4-appserver\src\udt.tlog\cl.command.1.tlog
c:\users\9200\desktop\work\p2p\udt\udt.sdk.4.11\udt4-appserver\src\udt.tlog\cl.read.1.tlog
c:\users\9200\desktop\work\p2p\udt\udt.sdk.4.11\udt4-appserver\src\udt.tlog\cl.write.1.tlog
c:\users\9200\desktop\work\p2p\udt\udt.sdk.4.11\udt4-appserver\src\udt.tlog\link.command.1.tlog
c:\users\9200\desktop\work\p2p\udt\udt.sdk.4.11\udt4-appserver\src\udt.tlog\link.read.1.tlog
c:\users\9200\desktop\work\p2p\udt\udt.sdk.4.11\udt4-appserver\src\udt.tlog\link.write.1.tlog
c:\users\9200\desktop\work\p2p\udt\udt.sdk.4.11\udt4-appserver\src\udt.tlog\udt.write.1u.tlog
